<?xml version="1.0" encoding="UTF-8"?>
<!-- Generated by org.testng.reporters.JUnitReportReporter -->
<testsuite hostname="HK-SONY-VAIO" failures="0" tests="1" name="org.openMRS.testcases.LoginPageTestTest" time="10.446" errors="0" timestamp="06 May 2019 21:26:39 GMT" skipped="0">
  <testcase classname="org.openMRS.testcases.LoginPageTestTest" name="loginTest" time="10.446"/>
</testsuite> <!-- org.openMRS.testcases.LoginPageTestTest -->
