<?xml version="1.0" encoding="UTF-8"?>
<!-- Generated by org.testng.reporters.JUnitReportReporter -->
<testsuite hostname="HK-SONY-VAIO" failures="0" tests="1" name="org.openMRS.testcases.LoginPageTest" time="2.577" errors="0" timestamp="15 May 2019 16:43:20 GMT" skipped="0">
  <testcase classname="org.openMRS.testcases.LoginPageTest" name="validLoginTest" time="2.577"/>
</testsuite> <!-- org.openMRS.testcases.LoginPageTest -->
