<?xml version="1.0" encoding="UTF-8"?>
<!-- Generated by org.testng.reporters.JUnitReportReporter -->
<testsuite hostname="HK-SONY-VAIO" failures="0" tests="1" name="org.openMRS.testcases.HomePageTest" time="19.219" errors="0" timestamp="15 May 2019 16:43:20 GMT" skipped="0">
  <testcase classname="org.openMRS.testcases.HomePageTest" name="verifyRegisterPatientLinkTest" time="19.219"/>
</testsuite> <!-- org.openMRS.testcases.HomePageTest -->
